[05:51:54] [ServerMain/INFO]: Running Java 21 (OpenJDK 64-Bit Server VM 21.0.4+7-LTS; Eclipse Adoptium Temurin-21.0.4+7) on Linux 6.5.0-1024-oracle (aarch64)
[05:51:54] [ServerMain/INFO]: Loading Purpur 1.21.1-2326-ver/1.21.1@4f2fe31 (2024-10-17T05:11:19Z) for Minecraft 1.21.1
[05:51:54] [ServerMain/INFO]: Initializing plugins...
[05:51:55] [ServerMain/INFO]: Initialized 2 plugins
[05:51:55] [ServerMain/INFO]: Bukkit plugins (2):
 - Geyser-Spigot (2.4.3-SNAPSHOT), floodgate (2.2.3-SNAPSHOT (b112-0360721))
[05:51:59] [ServerMain/INFO]: Environment: Environment[sessionHost=https://sessionserver.mojang.com, servicesHost=https://api.minecraftservices.com, name=PROD]
[05:52:01] [ServerMain/INFO]: Loaded 1290 recipes
[05:52:01] [ServerMain/INFO]: Loaded 1399 advancements
[05:52:02] [Server thread/INFO]: Starting minecraft server version 1.21.1
[05:52:02] [Server thread/INFO]: Loading properties
[05:52:02] [Server thread/INFO]: This server is running Purpur version 1.21.1-2326-ver/1.21.1@4f2fe31 (2024-10-17T05:11:19Z) (Implementing API version 1.21.1-R0.1-SNAPSHOT)
[05:52:03] [Server thread/INFO]: This server bundles the spark profiler. For more information please visit https://docs.papermc.io/paper/profiling
[05:52:03] [Server thread/INFO]: Server Ping Player Sample Count: 12
[05:52:03] [Server thread/INFO]: Using 4 threads for Netty based IO
[05:52:04] [Server thread/INFO]: Chunk system is using 1 I/O threads, 1 worker threads, and population gen parallelism of 1 threads
[05:52:04] [Server thread/WARN]: SIMD operations are available for your server, but are not configured!
[05:52:04] [Server thread/WARN]: To enable additional optimizations, add "--add-modules=jdk.incubator.vector" to your startup flags, BEFORE the "-jar".
[05:52:04] [Server thread/WARN]: If you have already added this flag, then SIMD operations are not supported on your JVM or CPU.
[05:52:04] [Server thread/WARN]: Debug: Java: 21.0.4, test run: true
[05:52:04] [Server thread/INFO]: Default game type: SURVIVAL
[05:52:04] [Server thread/INFO]: Generating keypair
[05:52:04] [Server thread/INFO]: Starting Minecraft server on *:25565
[05:52:04] [Server thread/INFO]: Using epoll channel type
[05:52:04] [Server thread/INFO]: Paper: Using libdeflate (Linux aarch64) compression from Velocity.
[05:52:04] [Server thread/INFO]: Paper: Using OpenSSL 3.x.x (Linux aarch64) cipher from Velocity.
[05:52:05] [Server thread/INFO]: Loading server plugin floodgate v2.2.3-SNAPSHOT (b112-0360721)
[05:52:07] [Server thread/INFO]: Took 2,677ms to boot Floodgate
[05:52:07] [Server thread/INFO]: Loading server plugin Geyser-Spigot v2.4.3-SNAPSHOT
[05:52:10] [Server thread/INFO]: Loading extensions...
[05:52:10] [Server thread/INFO]: Loaded 0 extension(s)
[05:52:10] [Server thread/INFO]: Server permissions file permissions.yml is empty, ignoring it
[05:52:10] [Server thread/INFO]: Preparing level "world"
[05:52:10] [Server thread/INFO]: -------- World Settings For [world] --------
[05:52:11] [Server thread/INFO]: -------- World Settings For [world_nether] --------
[05:52:11] [Server thread/INFO]: -------- World Settings For [world_the_end] --------
[05:52:11] [Server thread/INFO]: Preparing start region for dimension minecraft:overworld
[05:52:12] [Server thread/INFO]: Time elapsed: 1223 ms
[05:52:12] [Server thread/INFO]: Preparing start region for dimension minecraft:the_nether
[05:52:12] [Server thread/INFO]: Time elapsed: 193 ms
[05:52:12] [Server thread/INFO]: Preparing start region for dimension minecraft:the_end
[05:52:12] [Server thread/INFO]: Time elapsed: 133 ms
[05:52:12] [Server thread/INFO]: Enabling floodgate v2.2.3-SNAPSHOT (b112-0360721)
[05:52:13] [Server thread/INFO]: Enabling Geyser-Spigot v2.4.3-SNAPSHOT
[05:52:14] [Server thread/INFO]: Starting background profiler...
[05:52:14] [Server thread/INFO]: ******************************************
[05:52:14] [Server thread/INFO]: 
[05:52:14] [Server thread/INFO]: Loading Geyser version 2.4.3-b689 (git-master-d64c0b3)
[05:52:14] [Server thread/INFO]: 
[05:52:14] [Server thread/INFO]: ******************************************
[05:52:25] [epollEventLoopGroup-3-1/INFO]: Started Geyser on UDP port 19132
[05:52:25] [Server thread/INFO]: Done (11.16s)! Run /geyser help for help!
[05:52:26] [Server thread/INFO]: Done preparing level "world" (15.589s)
[05:52:26] [Server thread/INFO]: Starting remote control listener
[05:52:26] [Server thread/INFO]: Thread RCON Listener started
[05:52:26] [Server thread/INFO]: RCON running on 0.0.0.0:25575
[05:52:26] [Server thread/INFO]: Running delayed init tasks
[05:52:26] [Server thread/INFO]: Done (32.910s)! For help, type "help"
[05:52:26] [RCON Listener #1/INFO]: Thread RCON Client /0:0:0:0:0:0:0:1 started
[05:52:26] [Server thread/INFO]: [3m[37m[Rcon: Gamerule keepInventory is now set to: true][0m
[05:52:26] [RCON Client /0:0:0:0:0:0:0:1 #2/INFO]: Thread RCON Client /0:0:0:0:0:0:0:1 shutting down
[05:56:14] [spark-async-sampler-worker-thread/WARN]: me.lucko.spark.paper.common.sampler.async.JfrParsingException: Error parsing JFR data from profiler output
[05:56:14] [spark-async-sampler-worker-thread/WARN]: 	at me.lucko.spark.paper.common.sampler.async.AsyncProfilerJob.aggregate(AsyncProfilerJob.java:215)
[05:56:14] [spark-async-sampler-worker-thread/WARN]: 	at me.lucko.spark.paper.common.sampler.async.AsyncSampler.rotateProfilerJob(AsyncSampler.java:146)
[05:56:14] [spark-async-sampler-worker-thread/WARN]: 	at java.base/java.util.concurrent.Executors$RunnableAdapter.call(Unknown Source)
[05:56:14] [spark-async-sampler-worker-thread/WARN]: 	at java.base/java.util.concurrent.FutureTask.runAndReset(Unknown Source)
[05:56:14] [spark-async-sampler-worker-thread/WARN]: 	at java.base/java.util.concurrent.ScheduledThreadPoolExecutor$ScheduledFutureTask.run(Unknown Source)
[05:56:14] [spark-async-sampler-worker-thread/WARN]: 	at java.base/java.util.concurrent.ThreadPoolExecutor.runWorker(Unknown Source)
[05:56:14] [spark-async-sampler-worker-thread/WARN]: 	at java.base/java.util.concurrent.ThreadPoolExecutor$Worker.run(Unknown Source)
[05:56:14] [spark-async-sampler-worker-thread/WARN]: 	at java.base/java.lang.Thread.run(Unknown Source)
[05:56:14] [spark-async-sampler-worker-thread/WARN]: Caused by: java.nio.file.AccessDeniedException: plugins/spark/tmp-client/spark-122cd0e1dcb04c-profile-data.jfr.tmp
[05:56:14] [spark-async-sampler-worker-thread/WARN]: 	at java.base/sun.nio.fs.UnixException.translateToIOException(Unknown Source)
[05:56:14] [spark-async-sampler-worker-thread/WARN]: 	at java.base/sun.nio.fs.UnixException.rethrowAsIOException(Unknown Source)
[05:56:14] [spark-async-sampler-worker-thread/WARN]: 	at java.base/sun.nio.fs.UnixException.rethrowAsIOException(Unknown Source)
[05:56:14] [spark-async-sampler-worker-thread/WARN]: 	at java.base/sun.nio.fs.UnixFileSystemProvider.newFileChannel(Unknown Source)
[05:56:14] [spark-async-sampler-worker-thread/WARN]: 	at java.base/java.nio.channels.FileChannel.open(Unknown Source)
[05:56:14] [spark-async-sampler-worker-thread/WARN]: 	at java.base/java.nio.channels.FileChannel.open(Unknown Source)
[05:56:14] [spark-async-sampler-worker-thread/WARN]: 	at me.lucko.spark.paper.common.sampler.async.jfr.JfrReader.<init>(JfrReader.java:75)
[05:56:14] [spark-async-sampler-worker-thread/WARN]: 	at me.lucko.spark.paper.common.sampler.async.AsyncProfilerJob.aggregate(AsyncProfilerJob.java:204)
[05:56:14] [spark-async-sampler-worker-thread/WARN]: 	... 7 more
[07:11:27] [RCON Listener #1/INFO]: Thread RCON Client /0:0:0:0:0:0:0:1 started
[07:11:27] [RCON Client /0:0:0:0:0:0:0:1 #3/INFO]: Thread RCON Client /0:0:0:0:0:0:0:1 shutting down
[07:58:57] [epollEventLoopGroup-4-1/INFO]: Player connected with username syhana7338
[07:58:57] [localSession-7-2/INFO]: syhana7338 (logged in as: syhana7338) has connected to the Java server
[07:58:58] [Server thread/INFO]: Floodgate player logged in as .syhana7338 joined (UUID: 00000000-0000-0000-0009-01fcf632faa0)
[07:58:58] [Server thread/WARN]: Failed to load player data for .syhana7338
[07:58:58] [Server thread/WARN]: Failed to copy the player.dat file for .syhana7338
java.nio.file.AccessDeniedException: ./world/playerdata/00000000-0000-0000-0009-01fcf632faa0.dat
	at java.base/sun.nio.fs.UnixException.translateToIOException(Unknown Source) ~[?:?]
	at java.base/sun.nio.fs.UnixException.rethrowAsIOException(Unknown Source) ~[?:?]
	at java.base/sun.nio.fs.UnixException.rethrowAsIOException(Unknown Source) ~[?:?]
	at java.base/sun.nio.fs.UnixFileSystem.copyFile(Unknown Source) ~[?:?]
	at java.base/sun.nio.fs.UnixFileSystem.copy(Unknown Source) ~[?:?]
	at java.base/sun.nio.fs.UnixFileSystemProvider.copy(Unknown Source) ~[?:?]
	at java.base/java.nio.file.Files.copy(Unknown Source) ~[?:?]
	at net.minecraft.world.level.storage.PlayerDataStorage.backup(PlayerDataStorage.java:65) ~[purpur-1.21.1.jar:1.21.1-2326-4f2fe31]
	at net.minecraft.world.level.storage.PlayerDataStorage.load(PlayerDataStorage.java:132) ~[purpur-1.21.1.jar:1.21.1-2326-4f2fe31]
	at net.minecraft.world.level.storage.PlayerDataStorage.load(PlayerDataStorage.java:112) ~[purpur-1.21.1.jar:1.21.1-2326-4f2fe31]
	at net.minecraft.server.players.PlayerList.load(PlayerList.java:565) ~[purpur-1.21.1.jar:1.21.1-2326-4f2fe31]
	at net.minecraft.server.players.PlayerList.placeNewPlayer(PlayerList.java:200) ~[purpur-1.21.1.jar:1.21.1-2326-4f2fe31]
	at net.minecraft.server.network.ServerConfigurationPacketListenerImpl.handleConfigurationFinished(ServerConfigurationPacketListenerImpl.java:173) ~[purpur-1.21.1.jar:1.21.1-2326-4f2fe31]
	at net.minecraft.network.protocol.configuration.ServerboundFinishConfigurationPacket.handle(ServerboundFinishConfigurationPacket.java:22) ~[purpur-1.21.1.jar:1.21.1-2326-4f2fe31]
	at net.minecraft.network.protocol.configuration.ServerboundFinishConfigurationPacket.handle(ServerboundFinishConfigurationPacket.java:13) ~[purpur-1.21.1.jar:1.21.1-2326-4f2fe31]
	at net.minecraft.network.protocol.PacketUtils.lambda$ensureRunningOnSameThread$0(PacketUtils.java:56) ~[purpur-1.21.1.jar:1.21.1-2326-4f2fe31]
	at net.minecraft.server.TickTask.run(TickTask.java:18) ~[purpur-1.21.1.jar:1.21.1-2326-4f2fe31]
	at net.minecraft.util.thread.BlockableEventLoop.doRunTask(BlockableEventLoop.java:151) ~[purpur-1.21.1.jar:1.21.1-2326-4f2fe31]
	at net.minecraft.util.thread.ReentrantBlockableEventLoop.doRunTask(ReentrantBlockableEventLoop.java:24) ~[purpur-1.21.1.jar:1.21.1-2326-4f2fe31]
	at net.minecraft.server.MinecraftServer.doRunTask(MinecraftServer.java:1581) ~[purpur-1.21.1.jar:1.21.1-2326-4f2fe31]
	at net.minecraft.server.MinecraftServer.doRunTask(MinecraftServer.java:201) ~[purpur-1.21.1.jar:1.21.1-2326-4f2fe31]
	at net.minecraft.util.thread.BlockableEventLoop.pollTask(BlockableEventLoop.java:125) ~[purpur-1.21.1.jar:1.21.1-2326-4f2fe31]
	at net.minecraft.server.MinecraftServer.pollTaskInternal(MinecraftServer.java:1558) ~[purpur-1.21.1.jar:1.21.1-2326-4f2fe31]
	at net.minecraft.server.MinecraftServer.pollTask(MinecraftServer.java:1551) ~[purpur-1.21.1.jar:1.21.1-2326-4f2fe31]
	at net.minecraft.util.thread.BlockableEventLoop.managedBlock(BlockableEventLoop.java:135) ~[purpur-1.21.1.jar:1.21.1-2326-4f2fe31]
	at net.minecraft.server.MinecraftServer.managedBlock(MinecraftServer.java:1510) ~[purpur-1.21.1.jar:1.21.1-2326-4f2fe31]
	at net.minecraft.server.MinecraftServer.waitUntilNextTick(MinecraftServer.java:1517) ~[purpur-1.21.1.jar:1.21.1-2326-4f2fe31]
	at net.minecraft.server.MinecraftServer.runServer(MinecraftServer.java:1362) ~[purpur-1.21.1.jar:1.21.1-2326-4f2fe31]
	at net.minecraft.server.MinecraftServer.lambda$spin$0(MinecraftServer.java:333) ~[purpur-1.21.1.jar:1.21.1-2326-4f2fe31]
	at java.base/java.lang.Thread.run(Unknown Source) [?:?]
[07:58:58] [Server thread/WARN]: Failed to load player data for .syhana7338
[07:58:58] [Server thread/INFO]: [93m.syhana7338 joined the game[0m
[07:58:58] [Server thread/INFO]: .syhana7338[/58.122.12.101:0] logged in with entity id 106 at ([world]-2.5, 79.0, -40.5)
[07:59:33] [localSession-7-2/INFO]: syhana7338 has disconnected from the Java server because of Bedrock client disconnected
[07:59:33] [Geyser Spigot connection thread-6-3/INFO]: Floodgate player logged in as .syhana7338 disconnected
[07:59:33] [Server thread/INFO]: .syhana7338 lost connection: Disconnected
[07:59:33] [Server thread/INFO]: [93m.syhana7338 left the game[0m
[08:01:13] [epollEventLoopGroup-4-2/INFO]: Player connected with username syhana7338
[08:01:13] [localSession-7-3/INFO]: syhana7338 (logged in as: syhana7338) has connected to the Java server
[08:01:14] [Server thread/INFO]: Floodgate player logged in as .syhana7338 joined (UUID: 00000000-0000-0000-0009-01fcf632faa0)
[08:01:14] [Server thread/INFO]: [93m.syhana7338 joined the game[0m
[08:01:14] [Server thread/INFO]: .syhana7338[/58.122.12.101:0] logged in with entity id 627 at ([world]-4.0319014, 82.0, -43.659214)
[08:09:15] [Server thread/WARN]: Oak Boat (vehicle of .syhana7338) moved wrongly! 0.33941572807174225
[08:09:15] [Server thread/WARN]: Oak Boat (vehicle of .syhana7338) moved wrongly! 0.311776497860933
[08:11:13] [Server thread/WARN]: Oak Boat (vehicle of .syhana7338) moved wrongly! 0.29014463629573584
[08:11:14] [Server thread/WARN]: Oak Boat (vehicle of .syhana7338) moved wrongly! 0.3888920140452683
[08:11:56] [Server thread/WARN]: Oak Boat (vehicle of .syhana7338) moved wrongly! 0.33560742265990484
[08:13:24] [Server thread/WARN]: Oak Boat (vehicle of .syhana7338) moved wrongly! 0.42185295443050563
[08:13:24] [Server thread/WARN]: Oak Boat (vehicle of .syhana7338) moved wrongly! 0.2786796025466174
[08:13:24] [Server thread/WARN]: Oak Boat (vehicle of .syhana7338) moved wrongly! 0.59375
[08:13:24] [Server thread/WARN]: Oak Boat (vehicle of .syhana7338) moved wrongly! 0.2996826171875
[08:13:24] [Server thread/WARN]: Oak Boat (vehicle of .syhana7338) moved wrongly! 0.600830078125
[08:13:24] [Server thread/WARN]: Oak Boat (vehicle of .syhana7338) moved wrongly! 0.90087890625
[08:13:24] [Server thread/WARN]: Oak Boat (vehicle of .syhana7338) moved wrongly! 0.2984619140625
[08:13:24] [Server thread/WARN]: Oak Boat (vehicle of .syhana7338) moved wrongly! 0.5887451171875
[08:13:24] [Server thread/WARN]: Oak Boat (vehicle of .syhana7338) moved wrongly! 0.8800048828125
[08:13:24] [Server thread/WARN]: Oak Boat (vehicle of .syhana7338) moved wrongly! 0.2890625
[08:13:25] [Server thread/WARN]: Oak Boat (vehicle of .syhana7338) moved wrongly! 0.5706787109375
[08:13:25] [Server thread/WARN]: Oak Boat (vehicle of .syhana7338) moved wrongly! 0.854736328125
[08:13:25] [Server thread/WARN]: Oak Boat (vehicle of .syhana7338) moved wrongly! 0.283203125
[08:13:25] [Server thread/WARN]: Oak Boat (vehicle of .syhana7338) moved wrongly! 0.5633544921875
[08:13:25] [Server thread/WARN]: Oak Boat (vehicle of .syhana7338) moved wrongly! 0.844482421875
[08:13:25] [Server thread/WARN]: Oak Boat (vehicle of .syhana7338) moved wrongly! 0.28076171875
[08:13:25] [Server thread/WARN]: Oak Boat (vehicle of .syhana7338) moved wrongly! 0.54736328125
[08:13:25] [Server thread/WARN]: Oak Boat (vehicle of .syhana7338) moved wrongly! 0.79736328125
[08:13:59] [Server thread/WARN]: Oak Boat (vehicle of .syhana7338) moved wrongly! 0.5167909806071975
[08:13:59] [Server thread/WARN]: Oak Boat (vehicle of .syhana7338) moved wrongly! 0.358110604010335
[08:13:59] [Server thread/WARN]: Oak Boat (vehicle of .syhana7338) moved wrongly! 0.6658070422782885
[08:14:00] [Server thread/WARN]: Oak Boat (vehicle of .syhana7338) moved wrongly! 0.3188858396052865
[08:14:01] [Server thread/WARN]: Oak Boat (vehicle of .syhana7338) moved wrongly! 0.361211305529082
[08:14:20] [Server thread/INFO]: .syhana7338 was shot by Skeleton using [97m[Bow][0m
[08:20:53] [Geyser Spigot connection thread-6-4/INFO]: Floodgate player logged in as .syhana7338 disconnected
[08:20:53] [localSession-7-3/INFO]: syhana7338 has disconnected from the Java server because of Bedrock client disconnected
[08:20:53] [Server thread/INFO]: .syhana7338 lost connection: Disconnected
[08:20:53] [Server thread/INFO]: [93m.syhana7338 left the game[0m
[08:21:04] [epollEventLoopGroup-4-3/INFO]: Player connected with username syhana7338
[08:21:04] [localSession-7-4/INFO]: syhana7338 (logged in as: syhana7338) has connected to the Java server
[08:21:05] [Server thread/INFO]: Floodgate player logged in as .syhana7338 joined (UUID: 00000000-0000-0000-0009-01fcf632faa0)
[08:21:05] [Server thread/INFO]: [93m.syhana7338 joined the game[0m
[08:21:05] [Server thread/INFO]: .syhana7338[/58.122.12.101:0] logged in with entity id 11039 at ([world]-1064.830810546875, 62.23747863769531, -694.0020751953125)
[08:22:06] [Server thread/WARN]: Oak Boat (vehicle of .syhana7338) moved wrongly! 0.39882584381848574
[08:22:07] [Server thread/WARN]: Oak Boat (vehicle of .syhana7338) moved wrongly! 0.34566199127584696
[08:22:31] [Server thread/WARN]: Oak Boat (vehicle of .syhana7338) moved wrongly! 0.2675599157810211
[08:22:32] [Server thread/WARN]: Oak Boat (vehicle of .syhana7338) moved wrongly! 0.3292067423462868
[08:22:32] [Server thread/WARN]: Oak Boat (vehicle of .syhana7338) moved wrongly! 0.3684053383767605
[08:22:32] [Server thread/WARN]: Oak Boat (vehicle of .syhana7338) moved wrongly! 0.2738956902176142
[08:22:32] [Server thread/WARN]: Oak Boat (vehicle of .syhana7338) moved wrongly! 0.5641474220901728
[08:22:32] [Server thread/WARN]: Oak Boat (vehicle of .syhana7338) moved wrongly! 0.33396813087165356
[08:22:45] [Server thread/WARN]: Oak Boat (vehicle of .syhana7338) moved wrongly! 0.25843752469154424
[08:22:45] [Server thread/WARN]: Oak Boat (vehicle of .syhana7338) moved wrongly! 0.2858804046663863
[08:22:45] [Server thread/WARN]: Oak Boat (vehicle of .syhana7338) moved wrongly! 0.41050383183392114
[08:30:22] [localSession-7-4/INFO]: syhana7338 has disconnected from the Java server because of Bedrock client disconnected
[08:30:22] [Geyser Spigot connection thread-6-1/INFO]: Floodgate player logged in as .syhana7338 disconnected
[08:30:22] [Server thread/INFO]: .syhana7338 lost connection: Disconnected
[08:30:22] [Server thread/INFO]: [93m.syhana7338 left the game[0m
[09:00:49] [localSession-7-1/INFO]: Tyrine74 (logged in as: Tyrine74) has connected to the Java server
[09:00:49] [epollEventLoopGroup-4-4/INFO]: Player connected with username Tyrine74
[09:00:50] [Server thread/INFO]: Floodgate player logged in as .Tyrine74 joined (UUID: 00000000-0000-0000-0009-01f1152cfb8b)
[09:00:50] [Server thread/WARN]: Failed to load player data for .Tyrine74
[09:00:50] [Server thread/WARN]: Failed to copy the player.dat file for .Tyrine74
java.nio.file.AccessDeniedException: ./world/playerdata/00000000-0000-0000-0009-01f1152cfb8b.dat
	at java.base/sun.nio.fs.UnixException.translateToIOException(Unknown Source) ~[?:?]
	at java.base/sun.nio.fs.UnixException.rethrowAsIOException(Unknown Source) ~[?:?]
	at java.base/sun.nio.fs.UnixException.rethrowAsIOException(Unknown Source) ~[?:?]
	at java.base/sun.nio.fs.UnixFileSystem.copyFile(Unknown Source) ~[?:?]
	at java.base/sun.nio.fs.UnixFileSystem.copy(Unknown Source) ~[?:?]
	at java.base/sun.nio.fs.UnixFileSystemProvider.copy(Unknown Source) ~[?:?]
	at java.base/java.nio.file.Files.copy(Unknown Source) ~[?:?]
	at net.minecraft.world.level.storage.PlayerDataStorage.backup(PlayerDataStorage.java:65) ~[purpur-1.21.1.jar:1.21.1-2326-4f2fe31]
	at net.minecraft.world.level.storage.PlayerDataStorage.load(PlayerDataStorage.java:132) ~[purpur-1.21.1.jar:1.21.1-2326-4f2fe31]
	at net.minecraft.world.level.storage.PlayerDataStorage.load(PlayerDataStorage.java:112) ~[purpur-1.21.1.jar:1.21.1-2326-4f2fe31]
	at net.minecraft.server.players.PlayerList.load(PlayerList.java:565) ~[purpur-1.21.1.jar:1.21.1-2326-4f2fe31]
	at net.minecraft.server.players.PlayerList.placeNewPlayer(PlayerList.java:200) ~[purpur-1.21.1.jar:1.21.1-2326-4f2fe31]
	at net.minecraft.server.network.ServerConfigurationPacketListenerImpl.handleConfigurationFinished(ServerConfigurationPacketListenerImpl.java:173) ~[purpur-1.21.1.jar:1.21.1-2326-4f2fe31]
	at net.minecraft.network.protocol.configuration.ServerboundFinishConfigurationPacket.handle(ServerboundFinishConfigurationPacket.java:22) ~[purpur-1.21.1.jar:1.21.1-2326-4f2fe31]
	at net.minecraft.network.protocol.configuration.ServerboundFinishConfigurationPacket.handle(ServerboundFinishConfigurationPacket.java:13) ~[purpur-1.21.1.jar:1.21.1-2326-4f2fe31]
	at net.minecraft.network.protocol.PacketUtils.lambda$ensureRunningOnSameThread$0(PacketUtils.java:56) ~[purpur-1.21.1.jar:1.21.1-2326-4f2fe31]
	at net.minecraft.server.TickTask.run(TickTask.java:18) ~[purpur-1.21.1.jar:1.21.1-2326-4f2fe31]
	at net.minecraft.util.thread.BlockableEventLoop.doRunTask(BlockableEventLoop.java:151) ~[purpur-1.21.1.jar:1.21.1-2326-4f2fe31]
	at net.minecraft.util.thread.ReentrantBlockableEventLoop.doRunTask(ReentrantBlockableEventLoop.java:24) ~[purpur-1.21.1.jar:1.21.1-2326-4f2fe31]
	at net.minecraft.server.MinecraftServer.doRunTask(MinecraftServer.java:1581) ~[purpur-1.21.1.jar:1.21.1-2326-4f2fe31]
	at net.minecraft.server.MinecraftServer.doRunTask(MinecraftServer.java:201) ~[purpur-1.21.1.jar:1.21.1-2326-4f2fe31]
	at net.minecraft.util.thread.BlockableEventLoop.pollTask(BlockableEventLoop.java:125) ~[purpur-1.21.1.jar:1.21.1-2326-4f2fe31]
	at net.minecraft.server.MinecraftServer.pollTaskInternal(MinecraftServer.java:1558) ~[purpur-1.21.1.jar:1.21.1-2326-4f2fe31]
	at net.minecraft.server.MinecraftServer.pollTask(MinecraftServer.java:1551) ~[purpur-1.21.1.jar:1.21.1-2326-4f2fe31]
	at net.minecraft.util.thread.BlockableEventLoop.managedBlock(BlockableEventLoop.java:135) ~[purpur-1.21.1.jar:1.21.1-2326-4f2fe31]
	at net.minecraft.server.MinecraftServer.managedBlock(MinecraftServer.java:1510) ~[purpur-1.21.1.jar:1.21.1-2326-4f2fe31]
	at net.minecraft.server.MinecraftServer.waitUntilNextTick(MinecraftServer.java:1517) ~[purpur-1.21.1.jar:1.21.1-2326-4f2fe31]
	at net.minecraft.server.MinecraftServer.runServer(MinecraftServer.java:1362) ~[purpur-1.21.1.jar:1.21.1-2326-4f2fe31]
	at net.minecraft.server.MinecraftServer.lambda$spin$0(MinecraftServer.java:333) ~[purpur-1.21.1.jar:1.21.1-2326-4f2fe31]
	at java.base/java.lang.Thread.run(Unknown Source) [?:?]
[09:00:50] [Server thread/WARN]: Failed to load player data for .Tyrine74
[09:00:50] [Server thread/INFO]: [93m.Tyrine74 joined the game[0m
[09:00:50] [Server thread/INFO]: .Tyrine74[/221.168.244.12:0] logged in with entity id 14496 at ([world]2.5, 84.0, -32.5)
[09:02:35] [Server thread/INFO]: .Tyrine74 drowned
[09:05:19] [epollEventLoopGroup-4-1/INFO]: Player connected with username Red12344
[09:05:19] [localSession-7-2/INFO]: Red12344 (logged in as: Red12344) has connected to the Java server
[09:05:20] [Server thread/INFO]: Floodgate player logged in as .Red12344 joined (UUID: 00000000-0000-0000-0009-01f107bd8a1f)
[09:05:20] [Server thread/INFO]: [93m.Red12344 joined the game[0m
[09:05:20] [Server thread/INFO]: .Red12344[/218.152.150.178:0] logged in with entity id 15051 at ([world]-6.5, 91.0, -33.5)
[09:05:29] [Async Chat Thread - #1/INFO]: [Not Secure] <.Tyrine74> 다레?
[09:05:44] [Async Chat Thread - #1/INFO]: [Not Secure] <.Red12344> 들어오래성
[09:05:47] [Async Chat Thread - #1/INFO]: [Not Secure] <.Red12344> 들어왔는데
[09:05:55] [Async Chat Thread - #1/INFO]: [Not Secure] <.Tyrine74> 아 그거구나
[09:06:10] [Async Chat Thread - #1/INFO]: [Not Secure] <.Tyrine74> 방에 오래남아있으면서 한달에 채팅있을까 말까한
[09:06:18] [epollEventLoopGroup-4-2/INFO]: Player connected with username syhana7338
[09:06:18] [localSession-7-3/INFO]: syhana7338 (logged in as: syhana7338) has connected to the Java server
[09:06:19] [Server thread/INFO]: Floodgate player logged in as .syhana7338 joined (UUID: 00000000-0000-0000-0009-01fcf632faa0)
[09:06:19] [Server thread/INFO]: [93m.syhana7338 joined the game[0m
[09:06:19] [Server thread/INFO]: .syhana7338[/58.122.12.101:0] logged in with entity id 15200 at ([world]-1484.6649, 70.0, -1004.0501)
[09:06:22] [Async Chat Thread - #1/INFO]: [Not Secure] <.Tyrine74> 봇지쨩 이구나~!
[09:06:27] [Async Chat Thread - #1/INFO]: [Not Secure] <.Red12344> :;
[09:07:17] [Server thread/WARN]: .Red12344 moved wrongly!, (0.4200000000000017)
[09:09:19] [Server thread/INFO]: .Red12344 has made the advancement [92m[Stone Age][0m
[09:09:43] [Server thread/INFO]: .Red12344 has made the advancement [92m[Monster Hunter][0m
[09:09:54] [Async Chat Thread - #2/INFO]: [Not Secure] <.Tyrine74> 레드상
[09:09:59] [Async Chat Thread - #2/INFO]: [Not Secure] <.Tyrine74> 아니 봇지쟝
[09:10:03] [Async Chat Thread - #2/INFO]: [Not Secure] <.Red12344> ㅔㅔㅔㅔㅔㅔㅔㅔㅔㅔㅔㄱ
[09:10:14] [Async Chat Thread - #2/INFO]: [Not Secure] <.Tyrine74> -1500 -1000으로 ㄱㄱ
[09:10:25] [Async Chat Thread - #2/INFO]: [Not Secure] <.Tyrine74> 거기에 우리 주둔지임
[09:10:31] [Server thread/INFO]: .Red12344 has made the advancement [92m[Getting an Upgrade][0m
[09:11:32] [Async Chat Thread - #4/INFO]: [Not Secure] <.Red12344> 멀군용
[09:11:42] [Async Chat Thread - #4/INFO]: [Not Secure] <.Tyrine74> 배타면 갈만함
[09:12:25] [Server thread/INFO]: .Red12344 was slain by Zombie
[09:13:40] [Geyser Spigot connection thread-6-4/INFO]: Floodgate player logged in as .syhana7338 disconnected
[09:13:40] [localSession-7-3/INFO]: syhana7338 has disconnected from the Java server because of Bedrock client disconnected
[09:13:40] [Server thread/INFO]: .syhana7338 lost connection: Disconnected
[09:13:40] [Server thread/INFO]: [93m.syhana7338 left the game[0m
[09:14:01] [Server thread/WARN]: Jungle Boat (vehicle of .Tyrine74) moved wrongly! 0.4528092034161091
[09:14:01] [Server thread/WARN]: Jungle Boat (vehicle of .Tyrine74) moved wrongly! 0.333895955234766
[09:14:02] [Server thread/WARN]: Jungle Boat (vehicle of .Tyrine74) moved wrongly! 0.6552723795175552
[09:14:02] [Server thread/WARN]: Jungle Boat (vehicle of .Tyrine74) moved wrongly! 0.9488430991768837
[09:14:02] [Server thread/WARN]: Jungle Boat (vehicle of .Tyrine74) moved wrongly! 0.3701886385679245
[09:14:02] [Server thread/WARN]: Jungle Boat (vehicle of .Tyrine74) moved wrongly! 0.6991070955991745
[09:14:02] [Server thread/WARN]: Jungle Boat (vehicle of .Tyrine74) moved wrongly! 0.27826131135225296
[09:14:02] [Server thread/WARN]: Jungle Boat (vehicle of .Tyrine74) moved wrongly! 0.5496499426662922
[09:14:02] [Server thread/WARN]: Jungle Boat (vehicle of .Tyrine74) moved wrongly! 0.6677071936428547
[09:14:02] [Server thread/WARN]: Jungle Boat (vehicle of .Tyrine74) moved wrongly! 0.7723367102444172
[09:14:02] [Server thread/WARN]: Jungle Boat (vehicle of .Tyrine74) moved wrongly! 0.8637215979397297
[09:14:02] [Server thread/WARN]: Jungle Boat (vehicle of .Tyrine74) moved wrongly! 0.9414346106350422
[09:14:02] [Server thread/WARN]: Jungle Boat (vehicle of .Tyrine74) moved wrongly! 1.1727578528225422
[09:14:02] [Server thread/WARN]: Jungle Boat (vehicle of .Tyrine74) moved wrongly! 1.3893105871975422
[09:14:03] [Server thread/WARN]: Jungle Boat (vehicle of .Tyrine74) moved wrongly! 0.31878662109375
[09:14:03] [Server thread/WARN]: Jungle Boat (vehicle of .Tyrine74) moved wrongly! 0.29705810546875
[09:14:10] [Geyser Spigot connection thread-6-3/INFO]: Floodgate player logged in as .Red12344 disconnected
[09:14:10] [Server thread/INFO]: .Red12344 lost connection: Disconnected
[09:14:10] [localSession-7-2/INFO]: Red12344 has disconnected from the Java server because of Bedrock client disconnected
[09:14:10] [Server thread/INFO]: [93m.Red12344 left the game[0m
[09:14:30] [epollEventLoopGroup-4-3/INFO]: Bedrock user with ip: /218.152.150.178 has disconnected for reason Bedrock client disconnected
[09:14:35] [epollEventLoopGroup-4-4/INFO]: Player connected with username Red12344
[09:14:35] [localSession-7-4/INFO]: Red12344 (logged in as: Red12344) has connected to the Java server
[09:14:36] [Server thread/INFO]: Floodgate player logged in as .Red12344 joined (UUID: 00000000-0000-0000-0009-01f107bd8a1f)
[09:14:36] [Server thread/INFO]: [93m.Red12344 joined the game[0m
[09:14:36] [Server thread/INFO]: .Red12344[/218.152.150.178:0] logged in with entity id 25914 at ([world]-121.32348488859266, 79.49518527633721, 94.16588393379668)
[09:15:21] [Server thread/INFO]: .Red12344 was slain by Zombie
[09:16:35] [Async Chat Thread - #6/INFO]: [Not Secure] <.Tyrine74> 키탕★
[09:16:36] [Server thread/INFO]: .Red12344 was shot by Skeleton using [97m[Bow][0m
[09:17:09] [Geyser Spigot connection thread-6-2/INFO]: Floodgate player logged in as .Tyrine74 disconnected
[09:17:09] [localSession-7-1/INFO]: Tyrine74 has disconnected from the Java server because of Bedrock client timed out
[09:17:09] [Server thread/INFO]: .Tyrine74 lost connection: Disconnected
[09:17:09] [Server thread/INFO]: [93m.Tyrine74 left the game[0m
[09:18:40] [Server thread/INFO]: .Red12344 was shot by Skeleton using [97m[Bow][0m
[09:18:43] [Geyser Spigot connection thread-6-1/INFO]: Floodgate player logged in as .Red12344 disconnected
[09:18:43] [localSession-7-4/INFO]: Red12344 has disconnected from the Java server because of Bedrock client disconnected
[09:18:43] [Server thread/INFO]: .Red12344 lost connection: Disconnected
[09:18:43] [Server thread/INFO]: [93m.Red12344 left the game[0m
[09:19:23] [epollEventLoopGroup-4-1/INFO]: Player connected with username Red12344
[09:19:23] [localSession-7-1/INFO]: Red12344 (logged in as: Red12344) has connected to the Java server
[09:19:24] [Server thread/INFO]: Floodgate player logged in as .Red12344 joined (UUID: 00000000-0000-0000-0009-01f107bd8a1f)
[09:19:24] [Server thread/INFO]: [93m.Red12344 joined the game[0m
[09:19:24] [Server thread/INFO]: .Red12344[/218.152.150.178:0] logged in with entity id 29151 at ([world]-7.5, 87.0, -31.5)
[09:19:35] [Geyser Spigot connection thread-6-2/INFO]: Floodgate player logged in as .Red12344 disconnected
[09:19:35] [localSession-7-1/INFO]: Red12344 has disconnected from the Java server because of Bedrock client disconnected
[09:19:35] [Server thread/INFO]: .Red12344 lost connection: Disconnected
[09:19:36] [Server thread/INFO]: [93m.Red12344 left the game[0m
[09:20:51] [epollEventLoopGroup-4-2/INFO]: Player connected with username lasayou
[09:20:51] [localSession-7-2/INFO]: lasayou (logged in as: lasayou) has connected to the Java server
[09:20:52] [Server thread/INFO]: Floodgate player logged in as .lasayou joined (UUID: 00000000-0000-0000-0009-01f5bcd8c095)
[09:20:52] [Server thread/WARN]: Failed to load player data for .lasayou
[09:20:52] [Server thread/WARN]: Failed to copy the player.dat file for .lasayou
java.nio.file.AccessDeniedException: ./world/playerdata/00000000-0000-0000-0009-01f5bcd8c095.dat
	at java.base/sun.nio.fs.UnixException.translateToIOException(Unknown Source) ~[?:?]
	at java.base/sun.nio.fs.UnixException.rethrowAsIOException(Unknown Source) ~[?:?]
	at java.base/sun.nio.fs.UnixException.rethrowAsIOException(Unknown Source) ~[?:?]
	at java.base/sun.nio.fs.UnixFileSystem.copyFile(Unknown Source) ~[?:?]
	at java.base/sun.nio.fs.UnixFileSystem.copy(Unknown Source) ~[?:?]
	at java.base/sun.nio.fs.UnixFileSystemProvider.copy(Unknown Source) ~[?:?]
	at java.base/java.nio.file.Files.copy(Unknown Source) ~[?:?]
	at net.minecraft.world.level.storage.PlayerDataStorage.backup(PlayerDataStorage.java:65) ~[purpur-1.21.1.jar:1.21.1-2326-4f2fe31]
	at net.minecraft.world.level.storage.PlayerDataStorage.load(PlayerDataStorage.java:132) ~[purpur-1.21.1.jar:1.21.1-2326-4f2fe31]
	at net.minecraft.world.level.storage.PlayerDataStorage.load(PlayerDataStorage.java:112) ~[purpur-1.21.1.jar:1.21.1-2326-4f2fe31]
	at net.minecraft.server.players.PlayerList.load(PlayerList.java:565) ~[purpur-1.21.1.jar:1.21.1-2326-4f2fe31]
	at net.minecraft.server.players.PlayerList.placeNewPlayer(PlayerList.java:200) ~[purpur-1.21.1.jar:1.21.1-2326-4f2fe31]
	at net.minecraft.server.network.ServerConfigurationPacketListenerImpl.handleConfigurationFinished(ServerConfigurationPacketListenerImpl.java:173) ~[purpur-1.21.1.jar:1.21.1-2326-4f2fe31]
	at net.minecraft.network.protocol.configuration.ServerboundFinishConfigurationPacket.handle(ServerboundFinishConfigurationPacket.java:22) ~[purpur-1.21.1.jar:1.21.1-2326-4f2fe31]
	at net.minecraft.network.protocol.configuration.ServerboundFinishConfigurationPacket.handle(ServerboundFinishConfigurationPacket.java:13) ~[purpur-1.21.1.jar:1.21.1-2326-4f2fe31]
	at net.minecraft.network.protocol.PacketUtils.lambda$ensureRunningOnSameThread$0(PacketUtils.java:56) ~[purpur-1.21.1.jar:1.21.1-2326-4f2fe31]
	at net.minecraft.server.TickTask.run(TickTask.java:18) ~[purpur-1.21.1.jar:1.21.1-2326-4f2fe31]
	at net.minecraft.util.thread.BlockableEventLoop.doRunTask(BlockableEventLoop.java:151) ~[purpur-1.21.1.jar:1.21.1-2326-4f2fe31]
	at net.minecraft.util.thread.ReentrantBlockableEventLoop.doRunTask(ReentrantBlockableEventLoop.java:24) ~[purpur-1.21.1.jar:1.21.1-2326-4f2fe31]
	at net.minecraft.server.MinecraftServer.doRunTask(MinecraftServer.java:1581) ~[purpur-1.21.1.jar:1.21.1-2326-4f2fe31]
	at net.minecraft.server.MinecraftServer.doRunTask(MinecraftServer.java:201) ~[purpur-1.21.1.jar:1.21.1-2326-4f2fe31]
	at net.minecraft.util.thread.BlockableEventLoop.pollTask(BlockableEventLoop.java:125) ~[purpur-1.21.1.jar:1.21.1-2326-4f2fe31]
	at net.minecraft.server.MinecraftServer.pollTaskInternal(MinecraftServer.java:1558) ~[purpur-1.21.1.jar:1.21.1-2326-4f2fe31]
	at net.minecraft.server.MinecraftServer.pollTask(MinecraftServer.java:1551) ~[purpur-1.21.1.jar:1.21.1-2326-4f2fe31]
	at net.minecraft.util.thread.BlockableEventLoop.runAllTasks(BlockableEventLoop.java:114) ~[purpur-1.21.1.jar:1.21.1-2326-4f2fe31]
	at net.minecraft.server.MinecraftServer.tickServer(MinecraftServer.java:1673) ~[purpur-1.21.1.jar:1.21.1-2326-4f2fe31]
	at net.minecraft.server.MinecraftServer.runServer(MinecraftServer.java:1342) ~[purpur-1.21.1.jar:1.21.1-2326-4f2fe31]
	at net.minecraft.server.MinecraftServer.lambda$spin$0(MinecraftServer.java:333) ~[purpur-1.21.1.jar:1.21.1-2326-4f2fe31]
	at java.base/java.lang.Thread.run(Unknown Source) [?:?]
[09:20:52] [Server thread/WARN]: Failed to load player data for .lasayou
[09:20:52] [Server thread/INFO]: [93m.lasayou joined the game[0m
[09:20:52] [Server thread/INFO]: .lasayou[/106.252.222.90:0] logged in with entity id 29200 at ([world]5.5, 88.0, -21.5)
[09:22:28] [epollEventLoopGroup-4-3/INFO]: Player connected with username wizness823
[09:22:28] [localSession-7-3/INFO]: wizness823 (logged in as: wizness823) has connected to the Java server
[09:22:29] [Server thread/INFO]: Floodgate player logged in as .wizness823 joined (UUID: 00000000-0000-0000-0009-01f480849d23)
[09:22:29] [Server thread/WARN]: Failed to load player data for .wizness823
[09:22:29] [Server thread/WARN]: Failed to copy the player.dat file for .wizness823
java.nio.file.AccessDeniedException: ./world/playerdata/00000000-0000-0000-0009-01f480849d23.dat
	at java.base/sun.nio.fs.UnixException.translateToIOException(Unknown Source) ~[?:?]
	at java.base/sun.nio.fs.UnixException.rethrowAsIOException(Unknown Source) ~[?:?]
	at java.base/sun.nio.fs.UnixException.rethrowAsIOException(Unknown Source) ~[?:?]
	at java.base/sun.nio.fs.UnixFileSystem.copyFile(Unknown Source) ~[?:?]
	at java.base/sun.nio.fs.UnixFileSystem.copy(Unknown Source) ~[?:?]
	at java.base/sun.nio.fs.UnixFileSystemProvider.copy(Unknown Source) ~[?:?]
	at java.base/java.nio.file.Files.copy(Unknown Source) ~[?:?]
	at net.minecraft.world.level.storage.PlayerDataStorage.backup(PlayerDataStorage.java:65) ~[purpur-1.21.1.jar:1.21.1-2326-4f2fe31]
	at net.minecraft.world.level.storage.PlayerDataStorage.load(PlayerDataStorage.java:132) ~[purpur-1.21.1.jar:1.21.1-2326-4f2fe31]
	at net.minecraft.world.level.storage.PlayerDataStorage.load(PlayerDataStorage.java:112) ~[purpur-1.21.1.jar:1.21.1-2326-4f2fe31]
	at net.minecraft.server.players.PlayerList.load(PlayerList.java:565) ~[purpur-1.21.1.jar:1.21.1-2326-4f2fe31]
	at net.minecraft.server.players.PlayerList.placeNewPlayer(PlayerList.java:200) ~[purpur-1.21.1.jar:1.21.1-2326-4f2fe31]
	at net.minecraft.server.network.ServerConfigurationPacketListenerImpl.handleConfigurationFinished(ServerConfigurationPacketListenerImpl.java:173) ~[purpur-1.21.1.jar:1.21.1-2326-4f2fe31]
	at net.minecraft.network.protocol.configuration.ServerboundFinishConfigurationPacket.handle(ServerboundFinishConfigurationPacket.java:22) ~[purpur-1.21.1.jar:1.21.1-2326-4f2fe31]
	at net.minecraft.network.protocol.configuration.ServerboundFinishConfigurationPacket.handle(ServerboundFinishConfigurationPacket.java:13) ~[purpur-1.21.1.jar:1.21.1-2326-4f2fe31]
	at net.minecraft.network.protocol.PacketUtils.lambda$ensureRunningOnSameThread$0(PacketUtils.java:56) ~[purpur-1.21.1.jar:1.21.1-2326-4f2fe31]
	at net.minecraft.server.TickTask.run(TickTask.java:18) ~[purpur-1.21.1.jar:1.21.1-2326-4f2fe31]
	at net.minecraft.util.thread.BlockableEventLoop.doRunTask(BlockableEventLoop.java:151) ~[purpur-1.21.1.jar:1.21.1-2326-4f2fe31]
	at net.minecraft.util.thread.ReentrantBlockableEventLoop.doRunTask(ReentrantBlockableEventLoop.java:24) ~[purpur-1.21.1.jar:1.21.1-2326-4f2fe31]
	at net.minecraft.server.MinecraftServer.doRunTask(MinecraftServer.java:1581) ~[purpur-1.21.1.jar:1.21.1-2326-4f2fe31]
	at net.minecraft.server.MinecraftServer.doRunTask(MinecraftServer.java:201) ~[purpur-1.21.1.jar:1.21.1-2326-4f2fe31]
	at net.minecraft.util.thread.BlockableEventLoop.pollTask(BlockableEventLoop.java:125) ~[purpur-1.21.1.jar:1.21.1-2326-4f2fe31]
	at net.minecraft.server.MinecraftServer.pollTaskInternal(MinecraftServer.java:1558) ~[purpur-1.21.1.jar:1.21.1-2326-4f2fe31]
	at net.minecraft.server.MinecraftServer.pollTask(MinecraftServer.java:1551) ~[purpur-1.21.1.jar:1.21.1-2326-4f2fe31]
	at net.minecraft.util.thread.BlockableEventLoop.managedBlock(BlockableEventLoop.java:135) ~[purpur-1.21.1.jar:1.21.1-2326-4f2fe31]
	at net.minecraft.server.MinecraftServer.managedBlock(MinecraftServer.java:1510) ~[purpur-1.21.1.jar:1.21.1-2326-4f2fe31]
	at net.minecraft.server.MinecraftServer.waitUntilNextTick(MinecraftServer.java:1517) ~[purpur-1.21.1.jar:1.21.1-2326-4f2fe31]
	at net.minecraft.server.MinecraftServer.runServer(MinecraftServer.java:1362) ~[purpur-1.21.1.jar:1.21.1-2326-4f2fe31]
	at net.minecraft.server.MinecraftServer.lambda$spin$0(MinecraftServer.java:333) ~[purpur-1.21.1.jar:1.21.1-2326-4f2fe31]
	at java.base/java.lang.Thread.run(Unknown Source) [?:?]
[09:22:29] [Server thread/WARN]: Failed to load player data for .wizness823
[09:22:29] [Server thread/INFO]: [93m.wizness823 joined the game[0m
[09:22:29] [Server thread/INFO]: .wizness823[/222.121.201.91:0] logged in with entity id 29385 at ([world]5.5, 88.0, -37.5)
[09:22:43] [Async Chat Thread - #8/INFO]: [Not Secure] <.wizness823> 엥
[09:22:48] [Async Chat Thread - #8/INFO]: [Not Secure] <.wizness823> 왜 나도 날아가지
[09:23:01] [Async Chat Thread - #8/INFO]: [Not Secure] <.lasayou> ㅠ
[09:23:04] [Async Chat Thread - #9/INFO]: [Not Secure] <.wizness823> 컴온
[09:24:33] [Async Chat Thread - #10/INFO]: [Not Secure] <.wizness823> 어라
[09:24:37] [Async Chat Thread - #10/INFO]: [Not Secure] <.wizness823> 템이앖네
[09:24:40] [Async Chat Thread - #10/INFO]: [Not Secure] <.wizness823> 털렸나
[09:24:44] [Async Chat Thread - #10/INFO]: [Not Secure] <.lasayou> ㅇㄴ
[09:25:13] [Async Chat Thread - #10/INFO]: [Not Secure] <.wizness823> 자잔
[09:25:56] [Server thread/INFO]: .wizness823 was shot by Skeleton using [97m[Bow][0m
[09:26:03] [Async Chat Thread - #11/INFO]: [Not Secure] <.wizness823> 꾸엑
[09:26:12] [Server thread/INFO]: .lasayou was shot by Skeleton using [97m[Bow][0m
[09:26:19] [Async Chat Thread - #11/INFO]: [Not Secure] <.lasayou> 겁나 많내요
[09:28:39] [Async Chat Thread - #12/INFO]: [Not Secure] <.wizness823> ???
[09:28:53] [Async Chat Thread - #12/INFO]: [Not Secure] <.wizness823> 조합불가에요
[09:29:00] [Async Chat Thread - #12/INFO]: [Not Secure] <.lasayou> 엥
[09:29:37] [Async Chat Thread - #13/INFO]: [Not Secure] <.wizness823> ????
[09:29:40] [Async Chat Thread - #13/INFO]: [Not Secure] <.wizness823> 왜이라지
